[debug] [2020-03-31T17:00:07.817Z] ----------------------------------------------------------------------
[debug] [2020-03-31T17:00:07.819Z] Command:       C:\Program Files\nodejs\node.exe C:\Users\RPR1TL\AppData\Roaming\npm\node_modules\firebase-tools\lib\bin\firebase.js login --interactive
[debug] [2020-03-31T17:00:07.819Z] CLI Version:   7.16.2
[debug] [2020-03-31T17:00:07.819Z] Platform:      win32
[debug] [2020-03-31T17:00:07.819Z] Node Version:  v10.16.2
[debug] [2020-03-31T17:00:07.820Z] Time:          Tue Mar 31 2020 11:00:07 GMT-0600 (Central Standard Time)
[debug] [2020-03-31T17:00:07.820Z] ----------------------------------------------------------------------
[debug] [2020-03-31T17:00:07.820Z] 
[info] i  Firebase optionally collects CLI usage and error reporting information to help improve our products. Data is collected in accordance with Google's privacy policy (https://policies.google.com/privacy) and is not used to identify you.

[info] i  To change your data collection preference at any time, run `firebase logout` and log in again.
[info] 
[info] Visit this URL on this device to log in:
[info] https://accounts.google.com/o/oauth2/auth?client_id=563584335869-fgrhgmd47bqnekij5i8b5pr03ho849e6.apps.googleusercontent.com&scope=email%20openid%20https%3A%2F%2Fwww.googleapis.com%2Fauth%2Fcloudplatformprojects.readonly%20https%3A%2F%2Fwww.googleapis.com%2Fauth%2Ffirebase%20https%3A%2F%2Fwww.googleapis.com%2Fauth%2Fcloud-platform&response_type=code&state=667481939&redirect_uri=http%3A%2F%2Flocalhost%3A9005
[info] 
[info] Waiting for authentication...
[debug] [2020-03-31T17:00:35.926Z] >>> HTTP REQUEST POST https://accounts.google.com/o/oauth2/token  

[debug] [2020-03-31T17:00:36.008Z] Token Fetch Error: FirebaseError: Server Error. getaddrinfo ENOTFOUND accounts.google.com accounts.google.com:443
    at Request._callback (C:\Users\RPR1TL\AppData\Roaming\npm\node_modules\firebase-tools\lib\api.js:31:31)
    at self.callback (C:\Users\RPR1TL\AppData\Roaming\npm\node_modules\firebase-tools\node_modules\request\request.js:185:22)
    at Request.emit (events.js:198:13)
    at Request.EventEmitter.emit (domain.js:448:20)
    at Request.onRequestError (C:\Users\RPR1TL\AppData\Roaming\npm\node_modules\firebase-tools\node_modules\request\request.js:877:8)
    at ClientRequest.emit (events.js:198:13)
    at ClientRequest.EventEmitter.emit (domain.js:448:20)
    at TLSSocket.socketErrorListener (_http_client.js:392:9)
    at TLSSocket.emit (events.js:198:13)
    at TLSSocket.EventEmitter.emit (domain.js:448:20)
    at emitErrorNT (internal/streams/destroy.js:91:8)
    at emitErrorAndCloseNT (internal/streams/destroy.js:59:3)
    at process._tickCallback (internal/process/next_tick.js:63:19)
[debug] [2020-03-31T17:01:47.862Z] ----------------------------------------------------------------------
[debug] [2020-03-31T17:01:47.873Z] Command:       C:\Program Files\nodejs\node.exe C:\Users\RPR1TL\AppData\Roaming\npm\node_modules\firebase-tools\lib\bin\firebase.js login --interactive
[debug] [2020-03-31T17:01:47.873Z] CLI Version:   7.16.2
[debug] [2020-03-31T17:01:47.873Z] Platform:      win32
[debug] [2020-03-31T17:01:47.874Z] Node Version:  v10.16.2
[debug] [2020-03-31T17:01:47.876Z] Time:          Tue Mar 31 2020 11:01:47 GMT-0600 (Central Standard Time)
[debug] [2020-03-31T17:01:47.877Z] ----------------------------------------------------------------------
[debug] [2020-03-31T17:01:47.877Z] 
[info] i  Firebase optionally collects CLI usage and error reporting information to help improve our products. Data is collected in accordance with Google's privacy policy (https://policies.google.com/privacy) and is not used to identify you.

[info] i  To change your data collection preference at any time, run `firebase logout` and log in again.
[info] 
[info] Visit this URL on this device to log in:
[info] https://accounts.google.com/o/oauth2/auth?client_id=563584335869-fgrhgmd47bqnekij5i8b5pr03ho849e6.apps.googleusercontent.com&scope=email%20openid%20https%3A%2F%2Fwww.googleapis.com%2Fauth%2Fcloudplatformprojects.readonly%20https%3A%2F%2Fwww.googleapis.com%2Fauth%2Ffirebase%20https%3A%2F%2Fwww.googleapis.com%2Fauth%2Fcloud-platform&response_type=code&state=976823366&redirect_uri=http%3A%2F%2Flocalhost%3A9005
[info] 
[info] Waiting for authentication...
[debug] [2020-03-31T17:22:46.719Z] ----------------------------------------------------------------------
[debug] [2020-03-31T17:22:46.725Z] Command:       C:\Program Files\nodejs\node.exe C:\Users\RPR1TL\AppData\Roaming\npm\node_modules\firebase-tools\lib\bin\firebase.js login --interactive
[debug] [2020-03-31T17:22:46.726Z] CLI Version:   7.16.2
[debug] [2020-03-31T17:22:46.726Z] Platform:      win32
[debug] [2020-03-31T17:22:46.726Z] Node Version:  v10.16.2
[debug] [2020-03-31T17:22:46.742Z] Time:          Tue Mar 31 2020 11:22:46 GMT-0600 (Central Standard Time)
[debug] [2020-03-31T17:22:46.742Z] ----------------------------------------------------------------------
[debug] [2020-03-31T17:22:46.742Z] 
[info] i  Firebase optionally collects CLI usage and error reporting information to help improve our products. Data is collected in accordance with Google's privacy policy (https://policies.google.com/privacy) and is not used to identify you.

[info] i  To change your data collection preference at any time, run `firebase logout` and log in again.
[info] 
[info] Visit this URL on this device to log in:
[info] https://accounts.google.com/o/oauth2/auth?client_id=563584335869-fgrhgmd47bqnekij5i8b5pr03ho849e6.apps.googleusercontent.com&scope=email%20openid%20https%3A%2F%2Fwww.googleapis.com%2Fauth%2Fcloudplatformprojects.readonly%20https%3A%2F%2Fwww.googleapis.com%2Fauth%2Ffirebase%20https%3A%2F%2Fwww.googleapis.com%2Fauth%2Fcloud-platform&response_type=code&state=1012826920&redirect_uri=http%3A%2F%2Flocalhost%3A9005
[info] 
[info] Waiting for authentication...
[debug] [2020-03-31T17:23:23.474Z] >>> HTTP REQUEST POST https://accounts.google.com/o/oauth2/token  

[debug] [2020-03-31T17:23:23.732Z] Token Fetch Error: FirebaseError: Server Error. getaddrinfo ENOTFOUND accounts.google.com accounts.google.com:443
    at Request._callback (C:\Users\RPR1TL\AppData\Roaming\npm\node_modules\firebase-tools\lib\api.js:31:31)
    at self.callback (C:\Users\RPR1TL\AppData\Roaming\npm\node_modules\firebase-tools\node_modules\request\request.js:185:22)
    at Request.emit (events.js:198:13)
    at Request.EventEmitter.emit (domain.js:448:20)
    at Request.onRequestError (C:\Users\RPR1TL\AppData\Roaming\npm\node_modules\firebase-tools\node_modules\request\request.js:877:8)
    at ClientRequest.emit (events.js:198:13)
    at ClientRequest.EventEmitter.emit (domain.js:448:20)
    at TLSSocket.socketErrorListener (_http_client.js:392:9)
    at TLSSocket.emit (events.js:198:13)
    at TLSSocket.EventEmitter.emit (domain.js:448:20)
    at emitErrorNT (internal/streams/destroy.js:91:8)
    at emitErrorAndCloseNT (internal/streams/destroy.js:59:3)
    at process._tickCallback (internal/process/next_tick.js:63:19)
